<?xml version="1.0" encoding="UTF-8"?>
<testsuite name="edu.uoc.pac3.TrackTest" tests="6" skipped="0" failures="0" errors="0" timestamp="2023-04-30T21:19:05" hostname="tux" time="0.003">
  <properties/>
  <testcase name="Sanity - Methods definition" classname="edu.uoc.pac3.TrackTest" time="0.0"/>
  <testcase name="testTrack()" classname="edu.uoc.pac3.TrackTest" time="0.001"/>
  <testcase name="testSetDuration()" classname="edu.uoc.pac3.TrackTest" time="0.0"/>
  <testcase name="testSetComposer()" classname="edu.uoc.pac3.TrackTest" time="0.0"/>
  <testcase name="Sanity - Fields definition" classname="edu.uoc.pac3.TrackTest" time="0.0"/>
  <testcase name="testSetName()" classname="edu.uoc.pac3.TrackTest" time="0.001"/>
  <system-out><![CDATA[]]></system-out>
  <system-err><![CDATA[]]></system-err>
</testsuite>
