<?xml version="1.0" encoding="UTF-8"?>
<testsuite name="edu.uoc.pac2.RPGCharacterTest" tests="13" skipped="0" failures="0" errors="0" timestamp="2023-04-10T23:51:58" hostname="tux" time="0.04">
  <properties/>
  <testcase name="testAlignment()" classname="edu.uoc.pac2.RPGCharacterTest" time="0.014"/>
  <testcase name="testLastDeath()" classname="edu.uoc.pac2.RPGCharacterTest" time="0.006"/>
  <testcase name="Sanity - Methods definition" classname="edu.uoc.pac2.RPGCharacterTest" time="0.002"/>
  <testcase name="testGetId()" classname="edu.uoc.pac2.RPGCharacterTest" time="0.001"/>
  <testcase name="testResurrect()" classname="edu.uoc.pac2.RPGCharacterTest" time="0.0"/>
  <testcase name="testUpdateLife()" classname="edu.uoc.pac2.RPGCharacterTest" time="0.001"/>
  <testcase name="testRPGCharacterDefault()" classname="edu.uoc.pac2.RPGCharacterTest" time="0.001"/>
  <testcase name="testRPGCharacter1()" classname="edu.uoc.pac2.RPGCharacterTest" time="0.006"/>
  <testcase name="testRPGCharacter2()" classname="edu.uoc.pac2.RPGCharacterTest" time="0.001"/>
  <testcase name="testIncLevel()" classname="edu.uoc.pac2.RPGCharacterTest" time="0.0"/>
  <testcase name="Sanity - Fields definition" classname="edu.uoc.pac2.RPGCharacterTest" time="0.0"/>
  <testcase name="testSetName()" classname="edu.uoc.pac2.RPGCharacterTest" time="0.001"/>
  <testcase name="testSetName2()" classname="edu.uoc.pac2.RPGCharacterTest" time="0.0"/>
  <system-out><![CDATA[]]></system-out>
  <system-err><![CDATA[]]></system-err>
</testsuite>
