<?xml version="1.0" encoding="UTF-8"?>
<testsuite name="edu.uoc.pac3.MusicGenreTest" tests="6" skipped="0" failures="0" errors="0" timestamp="2023-04-30T21:18:50" hostname="tux" time="0.025">
  <properties/>
  <testcase name="testGetTempo()" classname="edu.uoc.pac3.MusicGenreTest" time="0.021"/>
  <testcase name="getMusicGenre()" classname="edu.uoc.pac3.MusicGenreTest" time="0.001"/>
  <testcase name="testGetCode()" classname="edu.uoc.pac3.MusicGenreTest" time="0.0"/>
  <testcase name="testGetGenreWithNextHigherTempo()" classname="edu.uoc.pac3.MusicGenreTest" time="0.0"/>
  <testcase name="testGetDescription()" classname="edu.uoc.pac3.MusicGenreTest" time="0.001"/>
  <testcase name="testGetGenresSortedByCode()" classname="edu.uoc.pac3.MusicGenreTest" time="0.0"/>
  <system-out><![CDATA[]]></system-out>
  <system-err><![CDATA[]]></system-err>
</testsuite>
