<?xml version="1.0" encoding="UTF-8"?>
<testsuite name="edu.uoc.uocoban.model.utils.PositionTest" tests="7" skipped="0" failures="0" errors="0" timestamp="2023-07-02T15:07:14" hostname="tux" time="0.016">
  <properties/>
  <testcase name="testToString()" classname="edu.uoc.uocoban.model.utils.PositionTest" time="0.009"/>
  <testcase name="getX()" classname="edu.uoc.uocoban.model.utils.PositionTest" time="0.001"/>
  <testcase name="getY()" classname="edu.uoc.uocoban.model.utils.PositionTest" time="0.0"/>
  <testcase name="setX()" classname="edu.uoc.uocoban.model.utils.PositionTest" time="0.0"/>
  <testcase name="setY()" classname="edu.uoc.uocoban.model.utils.PositionTest" time="0.0"/>
  <testcase name="testHashCode()" classname="edu.uoc.uocoban.model.utils.PositionTest" time="0.001"/>
  <testcase name="testEquals()" classname="edu.uoc.uocoban.model.utils.PositionTest" time="0.001"/>
  <system-out><![CDATA[]]></system-out>
  <system-err><![CDATA[]]></system-err>
</testsuite>
