<?xml version="1.0" encoding="UTF-8"?>
<testsuite name="edu.uoc.pac3.AlbumCoverTest" tests="8" skipped="0" failures="0" errors="0" timestamp="2023-04-30T21:19:21" hostname="tux" time="0.017">
  <properties/>
  <testcase name="Sanity - Methods definition" classname="edu.uoc.pac3.AlbumCoverTest" time="0.01"/>
  <testcase name="testAlbumCover()" classname="edu.uoc.pac3.AlbumCoverTest" time="0.001"/>
  <testcase name="testGetAspectRatio()" classname="edu.uoc.pac3.AlbumCoverTest" time="0.001"/>
  <testcase name="testSetAuthor()" classname="edu.uoc.pac3.AlbumCoverTest" time="0.001"/>
  <testcase name="testSetHeight()" classname="edu.uoc.pac3.AlbumCoverTest" time="0.0"/>
  <testcase name="Sanity - Fields definition" classname="edu.uoc.pac3.AlbumCoverTest" time="0.0"/>
  <testcase name="testSetName()" classname="edu.uoc.pac3.AlbumCoverTest" time="0.001"/>
  <testcase name="testSetWidth()" classname="edu.uoc.pac3.AlbumCoverTest" time="0.0"/>
  <system-out><![CDATA[]]></system-out>
  <system-err><![CDATA[]]></system-err>
</testsuite>
