<?xml version="1.0" encoding="UTF-8"?>
<testsuite name="edu.uoc.uocoban.model.entities.pathable.SmallBoxDestinationTest" tests="3" skipped="0" failures="0" errors="0" timestamp="2023-07-02T15:06:53" hostname="tux" time="0.004">
  <properties/>
  <testcase name="Sanity SmallBoxDestination - Class definition" classname="edu.uoc.uocoban.model.entities.pathable.SmallBoxDestinationTest" time="0.001"/>
  <testcase name="Sanity SmallBoxDestination - Methods definition" classname="edu.uoc.uocoban.model.entities.pathable.SmallBoxDestinationTest" time="0.002"/>
  <testcase name="Sanity SmallBoxDestination - Fields definition" classname="edu.uoc.uocoban.model.entities.pathable.SmallBoxDestinationTest" time="0.0"/>
  <system-out><![CDATA[]]></system-out>
  <system-err><![CDATA[]]></system-err>
</testsuite>
