<?xml version="1.0" encoding="UTF-8"?>
<testsuite name="edu.uoc.uocoban.model.entities.movable.PlayerTest" tests="3" skipped="0" failures="0" errors="0" timestamp="2023-07-02T15:06:53" hostname="tux" time="0.01">
  <properties/>
  <testcase name="Sanity Player - Class definition" classname="edu.uoc.uocoban.model.entities.movable.PlayerTest" time="0.002"/>
  <testcase name="Sanity Player - Methods definition" classname="edu.uoc.uocoban.model.entities.movable.PlayerTest" time="0.004"/>
  <testcase name="Sanity Player - Fields definition" classname="edu.uoc.uocoban.model.entities.movable.PlayerTest" time="0.001"/>
  <system-out><![CDATA[]]></system-out>
  <system-err><![CDATA[]]></system-err>
</testsuite>
