<?xml version="1.0" encoding="UTF-8"?>
<testsuite name="edu.uoc.uocoban.model.utils.PositionTest" tests="3" skipped="0" failures="0" errors="0" timestamp="2023-07-02T15:06:53" hostname="tux" time="0.005">
  <properties/>
  <testcase name="Sanity Position - Class definition" classname="edu.uoc.uocoban.model.utils.PositionTest" time="0.001"/>
  <testcase name="Sanity Position - Methods definition" classname="edu.uoc.uocoban.model.utils.PositionTest" time="0.003"/>
  <testcase name="Sanity Position - Fields definition" classname="edu.uoc.uocoban.model.utils.PositionTest" time="0.0"/>
  <system-out><![CDATA[]]></system-out>
  <system-err><![CDATA[]]></system-err>
</testsuite>
