<?xml version="1.0" encoding="UTF-8"?>
<testsuite name="edu.uoc.uocoban.model.LevelTest" tests="3" skipped="0" failures="0" errors="0" timestamp="2023-07-02T15:06:53" hostname="tux" time="0.043">
  <properties/>
  <testcase name="Sanity Level - Class definition" classname="edu.uoc.uocoban.model.LevelTest" time="0.033"/>
  <testcase name="Sanity Level - Methods definition" classname="edu.uoc.uocoban.model.LevelTest" time="0.005"/>
  <testcase name="Sanity Level - Fields definition" classname="edu.uoc.uocoban.model.LevelTest" time="0.003"/>
  <system-out><![CDATA[]]></system-out>
  <system-err><![CDATA[]]></system-err>
</testsuite>
