<?xml version="1.0" encoding="UTF-8"?>
<testsuite name="edu.uoc.uocoban.model.entities.movable.BoxTest" tests="3" skipped="0" failures="0" errors="0" timestamp="2023-07-02T15:06:53" hostname="tux" time="0.009">
  <properties/>
  <testcase name="Sanity Box - Class definition" classname="edu.uoc.uocoban.model.entities.movable.BoxTest" time="0.002"/>
  <testcase name="Sanity Box - Methods definition" classname="edu.uoc.uocoban.model.entities.movable.BoxTest" time="0.003"/>
  <testcase name="Sanity Box - Fields definition" classname="edu.uoc.uocoban.model.entities.movable.BoxTest" time="0.002"/>
  <system-out><![CDATA[]]></system-out>
  <system-err><![CDATA[]]></system-err>
</testsuite>
