<?xml version="1.0" encoding="UTF-8"?>
<testsuite name="edu.uoc.uocoban.model.entities.movable.SmallBoxTest" tests="3" skipped="0" failures="0" errors="0" timestamp="2023-07-02T15:06:53" hostname="tux" time="0.011">
  <properties/>
  <testcase name="Sanity SmallBox - Class definition" classname="edu.uoc.uocoban.model.entities.movable.SmallBoxTest" time="0.003"/>
  <testcase name="Sanity SmallBox - Methods definition" classname="edu.uoc.uocoban.model.entities.movable.SmallBoxTest" time="0.003"/>
  <testcase name="Sanity SmallBox - Fields definition" classname="edu.uoc.uocoban.model.entities.movable.SmallBoxTest" time="0.001"/>
  <system-out><![CDATA[]]></system-out>
  <system-err><![CDATA[]]></system-err>
</testsuite>
