<?xml version="1.0" encoding="UTF-8"?>
<testsuite name="edu.uoc.pac4.DigitalBookTest" tests="2" skipped="0" failures="0" errors="0" timestamp="2023-05-22T21:50:42" hostname="tux" time="0.009">
  <properties/>
  <testcase name="testDescribeProduct()" classname="edu.uoc.pac4.DigitalBookTest" time="0.008"/>
  <testcase name="testConstructor()" classname="edu.uoc.pac4.DigitalBookTest" time="0.001"/>
  <system-out><![CDATA[]]></system-out>
  <system-err><![CDATA[]]></system-err>
</testsuite>
