<?xml version="1.0" encoding="UTF-8"?>
<testsuite name="edu.uoc.pac4.ProductTest" tests="7" skipped="0" failures="0" errors="0" timestamp="2023-05-22T21:50:42" hostname="tux" time="0.004">
  <properties/>
  <testcase name="testDowncasting()" classname="edu.uoc.pac4.ProductTest" time="0.001"/>
  <testcase name="testConstructors()" classname="edu.uoc.pac4.ProductTest" time="0.0"/>
  <testcase name="testDescribeProduct()" classname="edu.uoc.pac4.ProductTest" time="0.0"/>
  <testcase name="testAddSoldUnits()" classname="edu.uoc.pac4.ProductTest" time="0.0"/>
  <testcase name="testEquals()" classname="edu.uoc.pac4.ProductTest" time="0.001"/>
  <testcase name="testSetName()" classname="edu.uoc.pac4.ProductTest" time="0.001"/>
  <testcase name="testSetPrice()" classname="edu.uoc.pac4.ProductTest" time="0.0"/>
  <system-out><![CDATA[]]></system-out>
  <system-err><![CDATA[]]></system-err>
</testsuite>
