<?xml version="1.0" encoding="UTF-8"?>
<testsuite name="edu.uoc.pac4.UserTest" tests="2" skipped="0" failures="0" errors="0" timestamp="2023-05-22T21:50:42" hostname="tux" time="0.002">
  <properties/>
  <testcase name="testAddOrders()" classname="edu.uoc.pac4.UserTest" time="0.002"/>
  <testcase name="testGetOrders()" classname="edu.uoc.pac4.UserTest" time="0.0"/>
  <system-out><![CDATA[]]></system-out>
  <system-err><![CDATA[]]></system-err>
</testsuite>
