<?xml version="1.0" encoding="UTF-8"?>
<testsuite name="edu.uoc.pac4.OrderItemTest" tests="3" skipped="0" failures="0" errors="0" timestamp="2023-05-22T21:50:42" hostname="tux" time="0.011">
  <properties/>
  <testcase name="testBill()" classname="edu.uoc.pac4.OrderItemTest" time="0.01"/>
  <testcase name="testConstructors()" classname="edu.uoc.pac4.OrderItemTest" time="0.001"/>
  <testcase name="testSetQuantity()" classname="edu.uoc.pac4.OrderItemTest" time="0.0"/>
  <system-out><![CDATA[]]></system-out>
  <system-err><![CDATA[]]></system-err>
</testsuite>
