<?xml version="1.0" encoding="UTF-8"?>
<testsuite name="edu.uoc.pac4.MerchandisingTest" tests="5" skipped="0" failures="0" errors="0" timestamp="2023-05-22T21:50:42" hostname="tux" time="0.002">
  <properties/>
  <testcase name="auditBenefits()" classname="edu.uoc.pac4.MerchandisingTest" time="0.0"/>
  <testcase name="testDescribeProduct()" classname="edu.uoc.pac4.MerchandisingTest" time="0.001"/>
  <testcase name="testSetFabricationCost()" classname="edu.uoc.pac4.MerchandisingTest" time="0.0"/>
  <testcase name="testSetPackagingCost()" classname="edu.uoc.pac4.MerchandisingTest" time="0.001"/>
  <testcase name="testConstructor()" classname="edu.uoc.pac4.MerchandisingTest" time="0.0"/>
  <system-out><![CDATA[]]></system-out>
  <system-err><![CDATA[]]></system-err>
</testsuite>
