<?xml version="1.0" encoding="UTF-8"?>
<testsuite name="edu.uoc.pac4.EqualsToStringTest" tests="4" skipped="0" failures="0" errors="0" timestamp="2023-05-22T16:10:51" hostname="tux" time="0.025">
  <properties/>
  <testcase name="testAddressToString()" classname="edu.uoc.pac4.EqualsToStringTest" time="0.017"/>
  <testcase name="testUserToString()" classname="edu.uoc.pac4.EqualsToStringTest" time="0.004"/>
  <testcase name="testUserEquals()" classname="edu.uoc.pac4.EqualsToStringTest" time="0.001"/>
  <testcase name="testAddressEquals()" classname="edu.uoc.pac4.EqualsToStringTest" time="0.001"/>
  <system-out><![CDATA[]]></system-out>
  <system-err><![CDATA[]]></system-err>
</testsuite>
