<?xml version="1.0" encoding="UTF-8"?>
<testsuite name="edu.uoc.uocoban.model.utils.DirectionTest" tests="7" skipped="0" failures="0" errors="0" timestamp="2023-07-02T15:07:04" hostname="tux" time="0.007">
  <properties/>
  <testcase name="Sanity Direction - Methods definition" classname="edu.uoc.uocoban.model.utils.DirectionTest" time="0.002"/>
  <testcase name="Sanity Direction - Enum definition" classname="edu.uoc.uocoban.model.utils.DirectionTest" time="0.0"/>
  <testcase name="getX()" classname="edu.uoc.uocoban.model.utils.DirectionTest" time="0.001"/>
  <testcase name="getY()" classname="edu.uoc.uocoban.model.utils.DirectionTest" time="0.0"/>
  <testcase name="getKeyCode()" classname="edu.uoc.uocoban.model.utils.DirectionTest" time="0.0"/>
  <testcase name="Sanity Direction - Fields definition" classname="edu.uoc.uocoban.model.utils.DirectionTest" time="0.0"/>
  <testcase name="getDirectionByKeyCode()" classname="edu.uoc.uocoban.model.utils.DirectionTest" time="0.001"/>
  <system-out><![CDATA[]]></system-out>
  <system-err><![CDATA[]]></system-err>
</testsuite>
