<?xml version="1.0" encoding="UTF-8"?>
<testsuite name="edu.uoc.uocoban.model.utils.PositionTest" tests="10" skipped="0" failures="0" errors="0" timestamp="2023-07-02T15:07:04" hostname="tux" time="0.017">
  <properties/>
  <testcase name="Sanity Position - Class definition" classname="edu.uoc.uocoban.model.utils.PositionTest" time="0.001"/>
  <testcase name="Sanity Position - Methods definition" classname="edu.uoc.uocoban.model.utils.PositionTest" time="0.002"/>
  <testcase name="testToString()" classname="edu.uoc.uocoban.model.utils.PositionTest" time="0.007"/>
  <testcase name="getX()" classname="edu.uoc.uocoban.model.utils.PositionTest" time="0.001"/>
  <testcase name="getY()" classname="edu.uoc.uocoban.model.utils.PositionTest" time="0.0"/>
  <testcase name="setX()" classname="edu.uoc.uocoban.model.utils.PositionTest" time="0.0"/>
  <testcase name="setY()" classname="edu.uoc.uocoban.model.utils.PositionTest" time="0.0"/>
  <testcase name="testHashCode()" classname="edu.uoc.uocoban.model.utils.PositionTest" time="0.001"/>
  <testcase name="testEquals()" classname="edu.uoc.uocoban.model.utils.PositionTest" time="0.001"/>
  <testcase name="Sanity Position - Fields definition" classname="edu.uoc.uocoban.model.utils.PositionTest" time="0.0"/>
  <system-out><![CDATA[]]></system-out>
  <system-err><![CDATA[]]></system-err>
</testsuite>
