<?xml version="1.0" encoding="UTF-8"?>
<testsuite name="edu.uoc.uocoban.model.entities.MapItemTest" tests="3" skipped="0" failures="0" errors="0" timestamp="2023-07-02T15:07:04" hostname="tux" time="0.003">
  <properties/>
  <testcase name="Sanity MapItem - Class definition" classname="edu.uoc.uocoban.model.entities.MapItemTest" time="0.001"/>
  <testcase name="Sanity MapItem - Methods definition" classname="edu.uoc.uocoban.model.entities.MapItemTest" time="0.001"/>
  <testcase name="Sanity MapItem - Fields definition" classname="edu.uoc.uocoban.model.entities.MapItemTest" time="0.0"/>
  <system-out><![CDATA[]]></system-out>
  <system-err><![CDATA[]]></system-err>
</testsuite>
