<?xml version="1.0" encoding="UTF-8"?>
<testsuite name="edu.uoc.uocoban.model.entities.movable.SmallBoxTest" tests="5" skipped="0" failures="0" errors="0" timestamp="2023-07-02T15:07:04" hostname="tux" time="0.009">
  <properties/>
  <testcase name="Sanity SmallBox - Class definition" classname="edu.uoc.uocoban.model.entities.movable.SmallBoxTest" time="0.001"/>
  <testcase name="Sanity SmallBox - Methods definition" classname="edu.uoc.uocoban.model.entities.movable.SmallBoxTest" time="0.002"/>
  <testcase name="testInitSmallBox()" classname="edu.uoc.uocoban.model.entities.movable.SmallBoxTest" time="0.001"/>
  <testcase name="Sanity SmallBox - Fields definition" classname="edu.uoc.uocoban.model.entities.movable.SmallBoxTest" time="0.0"/>
  <testcase name="testSetPosition()" classname="edu.uoc.uocoban.model.entities.movable.SmallBoxTest" time="0.001"/>
  <system-out><![CDATA[]]></system-out>
  <system-err><![CDATA[]]></system-err>
</testsuite>
