<?xml version="1.0" encoding="UTF-8"?>
<testsuite name="edu.uoc.pac2.TweetAnalysisTest" tests="4" skipped="0" failures="0" errors="0" timestamp="2023-04-10T23:50:51" hostname="tux" time="0.054">
  <properties/>
  <testcase name="testBotTweet()" classname="edu.uoc.pac2.TweetAnalysisTest" time="0.029"/>
  <testcase name="testHighlightUsernames()" classname="edu.uoc.pac2.TweetAnalysisTest" time="0.003"/>
  <testcase name="testCountHashtags()" classname="edu.uoc.pac2.TweetAnalysisTest" time="0.009"/>
  <testcase name="testTweetHistory()" classname="edu.uoc.pac2.TweetAnalysisTest" time="0.01"/>
  <system-out><![CDATA[]]></system-out>
  <system-err><![CDATA[]]></system-err>
</testsuite>
