<?xml version="1.0" encoding="UTF-8"?>
<testsuite name="edu.uoc.uocoban.model.entities.pathable.SmallBoxDestinationTest" tests="1" skipped="0" failures="0" errors="0" timestamp="2023-07-02T15:07:08" hostname="tux" time="0.001">
  <properties/>
  <testcase name="testSetBox()" classname="edu.uoc.uocoban.model.entities.pathable.SmallBoxDestinationTest" time="0.001"/>
  <system-out><![CDATA[]]></system-out>
  <system-err><![CDATA[]]></system-err>
</testsuite>
